Build started 31.07.2017 11:34:44.
     1>Project "C:\Users\to\Desktop\Programare Visual\JocCiudat\JocCiudat\JocCiudat.vcxproj" on node 2 (Build target(s)).
     1>ClCompile:
         E:\VisualStudio\VC\bin\CL.exe /c /Zi /nologo /W3 /WX- /sdl /O2 /Oi /Oy- /GL /D WIN32 /D NDEBUG /D _CONSOLE /D _LIB /D _UNICODE /D UNICODE /Gm- /EHsc /MD /GS /Gy /fp:precise /Zc:wchar_t /Zc:forScope /Fo"Release\\" /Fd"Release\vc120.pdb" /Gd /TP /analyze- /errorReport:prompt Source.cpp
         Source.cpp
     1>Source.cpp(7): warning C4244: 'argument' : conversion from 'time_t' to 'unsigned int', possible loss of data
     1>Source.cpp(16): warning C4244: '=' : conversion from 'double' to 'float', possible loss of data
     1>Source.cpp(17): warning C4244: 'argument' : conversion from 'float' to 'unsigned int', possible loss of data
       Link:
         E:\VisualStudio\VC\bin\link.exe /ERRORREPORT:PROMPT /OUT:"C:\Users\to\Desktop\Programare Visual\JocCiudat\Release\JocCiudat.exe" /INCREMENTAL:NO /NOLOGO "sfml-graphics.lib" "sfml-window.lib" "sfml-system.lib" kernel32.lib user32.lib gdi32.lib winspool.lib comdlg32.lib advapi32.lib shell32.lib ole32.lib oleaut32.lib uuid.lib odbc32.lib odbccp32.lib /MANIFEST /MANIFESTUAC:"level='asInvoker' uiAccess='false'" /manifest:embed /DEBUG /PDB:"C:\Users\to\Desktop\Programare Visual\JocCiudat\Release\JocCiudat.pdb" /SUBSYSTEM:CONSOLE /OPT:REF /OPT:ICF /LTCG /TLBID:1 /DYNAMICBASE /NXCOMPAT /IMPLIB:"C:\Users\to\Desktop\Programare Visual\JocCiudat\Release\JocCiudat.lib" /MACHINE:X86 /SAFESEH Release\Minge.obj
         Release\Placa.obj
         Release\PowerAdaugare.obj
         Release\PowerAruncare.obj
         Release\PowerDimensiune.obj
         Release\PowerFrame.obj
         Release\PowerRandomTraj.obj
         Release\Powers.obj
         Release\PowersManager.obj
         Release\Scantei.obj
         Release\ScanteiManager.obj
         Release\Source.obj
         Release\TextureManager.obj
         Generating code
         Finished generating code
         JocCiudat.vcxproj -> C:\Users\to\Desktop\Programare Visual\JocCiudat\Release\JocCiudat.exe
     1>Done Building Project "C:\Users\to\Desktop\Programare Visual\JocCiudat\JocCiudat\JocCiudat.vcxproj" (Build target(s)).

Build succeeded.

Time Elapsed 00:00:08.56
