Build started 13.07.2017 16:00:17.
     1>Project "C:\Users\to\Desktop\Programare Visual\JocCiudat\JocCiudat\JocCiudat.vcxproj" on node 2 (Build target(s)).
     1>ClCompile:
         E:\VisualStudio\VC\bin\CL.exe /c /ZI /nologo /W3 /WX- /sdl /Od /Oy- /D WIN32 /D _DEBUG /D _CONSOLE /D _LIB /D _UNICODE /D UNICODE /Gm /EHsc /RTC1 /MDd /GS /fp:precise /Zc:wchar_t /Zc:forScope /Fo"Debug\\" /Fd"Debug\vc120.pdb" /Gd /TP /analyze- /errorReport:prompt Powers.cpp Source.cpp
         Source.cpp
     1>c:\users\to\desktop\programare visual\jocciudat\jocciudat\source.cpp(12): warning C4244: 'argument' : conversion from 'time_t' to 'unsigned int', possible loss of data
         Powers.cpp
         Generating Code...
       Link:
         E:\VisualStudio\VC\bin\link.exe /ERRORREPORT:PROMPT /OUT:"C:\Users\to\Desktop\Programare Visual\JocCiudat\Debug\JocCiudat.exe" /INCREMENTAL /NOLOGO "sfml-graphics-d.lib" "sfml-window-d.lib" "sfml-system-d.lib" kernel32.lib user32.lib gdi32.lib winspool.lib comdlg32.lib advapi32.lib shell32.lib ole32.lib oleaut32.lib uuid.lib odbc32.lib odbccp32.lib /MANIFEST /MANIFESTUAC:"level='asInvoker' uiAccess='false'" /manifest:embed /DEBUG /PDB:"C:\Users\to\Desktop\Programare Visual\JocCiudat\Debug\JocCiudat.pdb" /SUBSYSTEM:CONSOLE /TLBID:1 /DYNAMICBASE /NXCOMPAT /IMPLIB:"C:\Users\to\Desktop\Programare Visual\JocCiudat\Debug\JocCiudat.lib" /MACHINE:X86 Debug\Minge.obj
         Debug\Placa.obj
         Debug\Powers.obj
         Debug\Scantei.obj
         Debug\ScanteiManager.obj
         Debug\Source.obj
         Debug\TextureManager.obj
         JocCiudat.vcxproj -> C:\Users\to\Desktop\Programare Visual\JocCiudat\Debug\JocCiudat.exe
     1>Done Building Project "C:\Users\to\Desktop\Programare Visual\JocCiudat\JocCiudat\JocCiudat.vcxproj" (Build target(s)).

Build succeeded.

Time Elapsed 00:00:04.30
